INFO: [SIM 2] *************** CSIM start ***************
INFO: [SIM 4] CSIM will launch GCC as the compiler.
   Compiling ../../../controlIntersection.cpp in debug mode
   Generating csim.exe
Regula   EW NS
5         1 0
4         0 1
4         0 1
3         0 1
2         1 0
2         1 0
2         1 0
3         0 1
2         1 0
2         1 0
2         1 0
3         0 1
1         1 0
1         1 0
1         1 0
1         1 0
Testarea incheiata cu succes !
INFO: [SIM 1] CSim done with 0 errors.
INFO: [SIM 3] *************** CSIM finish ***************
